2023-04-02 21:15:39.004623 - Initialized conversion of CBT054
2023-04-02 21:15:39.678447 - Received CBT.V504.FILE054.PDS from FILE054.XMI 
2023-04-02 21:15:39.681447 - Found $$$#DATE.txt (text/plain) in CBT.V504.FILE054.PDS, moved to PDS/$$$#DATE
2023-04-02 21:15:39.682579 - Found @FILE054.txt (text/plain) in CBT.V504.FILE054.PDS, moved to PDS/@FILE054
2023-04-02 21:15:39.683636 - Found ALLOCLST.txt (text/plain) in CBT.V504.FILE054.PDS, moved to PDS/ALLOCLST
2023-04-02 21:15:39.684748 - Found GENER1.txt (text/plain) in CBT.V504.FILE054.PDS, moved to PDS/GENER1
2023-04-02 21:15:39.685651 - Found PHNPROOF.txt (text/plain) in CBT.V504.FILE054.PDS, moved to PDS/PHNPROOF
2023-04-02 21:15:39.686454 - Found PHON@MEN.txt (text/plain) in CBT.V504.FILE054.PDS, moved to PDS/PHON@MEN
2023-04-02 21:15:39.687417 - Found PHONBRWS.txt (text/plain) in CBT.V504.FILE054.PDS, moved to PDS/PHONBRWS
2023-04-02 21:15:39.688313 - Found PHONEADD.txt (text/plain) in CBT.V504.FILE054.PDS, moved to PDS/PHONEADD
2023-04-02 21:15:39.689204 - Found PHONEDEL.txt (text/plain) in CBT.V504.FILE054.PDS, moved to PDS/PHONEDEL
2023-04-02 21:15:39.690054 - Found PHONEDIT.txt (text/plain) in CBT.V504.FILE054.PDS, moved to PDS/PHONEDIT
2023-04-02 21:15:39.690927 - Found PHONEDS.txt (text/plain) in CBT.V504.FILE054.PDS, moved to PDS/PHONEDS
2023-04-02 21:15:39.692008 - Found PHONEMP.txt (text/plain) in CBT.V504.FILE054.PDS, moved to PDS/PHONEMP
2023-04-02 21:15:39.692949 - Found PHONINQ1.txt (text/plain) in CBT.V504.FILE054.PDS, moved to PDS/PHONINQ1
2023-04-02 21:15:39.693848 - Found PHONINQ2.txt (text/plain) in CBT.V504.FILE054.PDS, moved to PDS/PHONINQ2
2023-04-02 21:15:39.694763 - Found PHONINQ3.txt (text/plain) in CBT.V504.FILE054.PDS, moved to PDS/PHONINQ3
2023-04-02 21:15:39.695684 - Found PHONINQ4.txt (text/plain) in CBT.V504.FILE054.PDS, moved to PDS/PHONINQ4
2023-04-02 21:15:39.696584 - Found PHONOPER.txt (text/plain) in CBT.V504.FILE054.PDS, moved to PDS/PHONOPER
2023-04-02 21:15:39.697483 - Found PHONPRI.txt (text/plain) in CBT.V504.FILE054.PDS, moved to PDS/PHONPRI
2023-04-02 21:15:39.698395 - Found PHONPRTS.txt (text/plain) in CBT.V504.FILE054.PDS, moved to PDS/PHONPRTS
2023-04-02 21:15:39.699351 - Found PHONPRT1.txt (text/plain) in CBT.V504.FILE054.PDS, moved to PDS/PHONPRT1
2023-04-02 21:15:39.700299 - Found PHONPRT2.txt (text/plain) in CBT.V504.FILE054.PDS, moved to PDS/PHONPRT2
2023-04-02 21:15:39.701215 - Found PHONTUTB.txt (text/plain) in CBT.V504.FILE054.PDS, moved to PDS/PHONTUTB
2023-04-02 21:15:39.702118 - Found PHONTUTM.txt (text/plain) in CBT.V504.FILE054.PDS, moved to PDS/PHONTUTM
2023-04-02 21:15:39.703027 - Found PHONTUT1.txt (text/plain) in CBT.V504.FILE054.PDS, moved to PDS/PHONTUT1
2023-04-02 21:15:39.703934 - Found PHONTUT2.txt (text/plain) in CBT.V504.FILE054.PDS, moved to PDS/PHONTUT2
2023-04-02 21:15:39.704835 - Found PHONTUT3.txt (text/plain) in CBT.V504.FILE054.PDS, moved to PDS/PHONTUT3
2023-04-02 21:15:39.705742 - Found PHONTUT4.txt (text/plain) in CBT.V504.FILE054.PDS, moved to PDS/PHONTUT4
2023-04-02 21:15:39.706694 - Found SLGPANL0.txt (text/plain) in CBT.V504.FILE054.PDS, moved to PDS/SLGPANL0
2023-04-02 21:15:39.707612 - Found SLGPANL1.txt (text/plain) in CBT.V504.FILE054.PDS, moved to PDS/SLGPANL1
2023-04-02 21:15:39.708525 - Found SLGPANL2.txt (text/plain) in CBT.V504.FILE054.PDS, moved to PDS/SLGPANL2
2023-04-02 21:15:39.709429 - Found SLGPANL3.txt (text/plain) in CBT.V504.FILE054.PDS, moved to PDS/SLGPANL3
2023-04-02 21:15:39.710323 - Found SLSS.txt (text/plain) in CBT.V504.FILE054.PDS, moved to PDS/SLSS
2023-04-02 21:15:39.711317 - Found SLSS@CAU.txt (text/plain) in CBT.V504.FILE054.PDS, moved to PDS/SLSS@CAU
2023-04-02 21:15:39.712199 - Found SLSS@ERR.txt (text/plain) in CBT.V504.FILE054.PDS, moved to PDS/SLSS@ERR
2023-04-02 21:15:39.713172 - Found SLSS@PRC.txt (text/plain) in CBT.V504.FILE054.PDS, moved to PDS/SLSS@PRC
2023-04-02 21:15:39.714120 - Found SLSS@WRN.txt (text/plain) in CBT.V504.FILE054.PDS, moved to PDS/SLSS@WRN
2023-04-02 21:15:39.715151 - Found SLSSADD.txt (text/plain) in CBT.V504.FILE054.PDS, moved to PDS/SLSSADD
2023-04-02 21:15:39.716028 - Found SLSSADMN.txt (text/plain) in CBT.V504.FILE054.PDS, moved to PDS/SLSSADMN
2023-04-02 21:15:39.717106 - Found SLSSAUTH.txt (text/plain) in CBT.V504.FILE054.PDS, moved to PDS/SLSSAUTH
2023-04-02 21:15:39.718072 - Found SLSSBK1.txt (text/plain) in CBT.V504.FILE054.PDS, moved to PDS/SLSSBK1
2023-04-02 21:15:39.719021 - Found SLSSBK2.txt (text/plain) in CBT.V504.FILE054.PDS, moved to PDS/SLSSBK2
2023-04-02 21:15:39.720343 - Found SLSSBROW.txt (text/plain) in CBT.V504.FILE054.PDS, moved to PDS/SLSSBROW
2023-04-02 21:15:39.721597 - Found SLSSBRW2.txt (text/plain) in CBT.V504.FILE054.PDS, moved to PDS/SLSSBRW2
2023-04-02 21:15:39.722614 - Found SLSSCAN1.txt (text/plain) in CBT.V504.FILE054.PDS, moved to PDS/SLSSCAN1
2023-04-02 21:15:39.723676 - Found SLSSCAN2.txt (text/plain) in CBT.V504.FILE054.PDS, moved to PDS/SLSSCAN2
2023-04-02 21:15:39.724650 - Found SLSSDELS.txt (text/plain) in CBT.V504.FILE054.PDS, moved to PDS/SLSSDELS
2023-04-02 21:15:39.725673 - Found SLSSDELT.txt (text/plain) in CBT.V504.FILE054.PDS, moved to PDS/SLSSDELT
2023-04-02 21:15:39.726727 - Found SLSSG000.txt (text/plain) in CBT.V504.FILE054.PDS, moved to PDS/SLSSG000
2023-04-02 21:15:39.727656 - Found SLSSG100.txt (text/plain) in CBT.V504.FILE054.PDS, moved to PDS/SLSSG100
2023-04-02 21:15:39.728542 - Found SLSSG101.txt (text/plain) in CBT.V504.FILE054.PDS, moved to PDS/SLSSG101
2023-04-02 21:15:39.729888 - Found SLSSG200.txt (text/plain) in CBT.V504.FILE054.PDS, moved to PDS/SLSSG200
2023-04-02 21:15:39.730874 - Found SLSSG201.txt (text/plain) in CBT.V504.FILE054.PDS, moved to PDS/SLSSG201
2023-04-02 21:15:39.732045 - Found SLSSG202.txt (text/plain) in CBT.V504.FILE054.PDS, moved to PDS/SLSSG202
2023-04-02 21:15:39.732981 - Found SLSSG203.txt (text/plain) in CBT.V504.FILE054.PDS, moved to PDS/SLSSG203
2023-04-02 21:15:39.733885 - Found SLSSG204.txt (text/plain) in CBT.V504.FILE054.PDS, moved to PDS/SLSSG204
2023-04-02 21:15:39.734811 - Found SLSSG205.txt (text/plain) in CBT.V504.FILE054.PDS, moved to PDS/SLSSG205
2023-04-02 21:15:39.735729 - Found SLSSG206.txt (text/plain) in CBT.V504.FILE054.PDS, moved to PDS/SLSSG206
2023-04-02 21:15:39.736617 - Found SLSSG207.txt (text/plain) in CBT.V504.FILE054.PDS, moved to PDS/SLSSG207
2023-04-02 21:15:39.737498 - Found SLSSG208.txt (text/plain) in CBT.V504.FILE054.PDS, moved to PDS/SLSSG208
2023-04-02 21:15:39.738357 - Found SLSSG209.txt (text/plain) in CBT.V504.FILE054.PDS, moved to PDS/SLSSG209
2023-04-02 21:15:39.739269 - Found SLSSJOBC.txt (text/plain) in CBT.V504.FILE054.PDS, moved to PDS/SLSSJOBC
2023-04-02 21:15:39.740193 - Found SLSSLOCS.txt (text/plain) in CBT.V504.FILE054.PDS, moved to PDS/SLSSLOCS
2023-04-02 21:15:39.741085 - Found SLSSLOC1.txt (text/plain) in CBT.V504.FILE054.PDS, moved to PDS/SLSSLOC1
2023-04-02 21:15:39.741940 - Found SLSSMODL.txt (text/plain) in CBT.V504.FILE054.PDS, moved to PDS/SLSSMODL
2023-04-02 21:15:39.742825 - Found SLSSMSTR.txt (text/plain) in CBT.V504.FILE054.PDS, moved to PDS/SLSSMSTR
2023-04-02 21:15:39.744080 - Found SLSSNEWT.txt (text/plain) in CBT.V504.FILE054.PDS, moved to PDS/SLSSNEWT
2023-04-02 21:15:39.744984 - Found SLSSPRIM.txt (text/plain) in CBT.V504.FILE054.PDS, moved to PDS/SLSSPRIM
2023-04-02 21:15:39.745849 - Found SLSSPRNT.txt (text/plain) in CBT.V504.FILE054.PDS, moved to PDS/SLSSPRNT
2023-04-02 21:15:39.746754 - Found SLSSRCOV.txt (text/plain) in CBT.V504.FILE054.PDS, moved to PDS/SLSSRCOV
2023-04-02 21:15:39.748238 - Found SLSSSORT.txt (text/plain) in CBT.V504.FILE054.PDS, moved to PDS/SLSSSORT
2023-04-02 21:15:39.749352 - Found SLSSSUBS.txt (text/plain) in CBT.V504.FILE054.PDS, moved to PDS/SLSSSUBS
2023-04-02 21:15:39.750567 - Found SLSSSUB1.txt (text/plain) in CBT.V504.FILE054.PDS, moved to PDS/SLSSSUB1
2023-04-02 21:15:39.751695 - Found SLSSSUB2.txt (text/plain) in CBT.V504.FILE054.PDS, moved to PDS/SLSSSUB2
2023-04-02 21:15:39.752850 - Found SLSST000.txt (text/plain) in CBT.V504.FILE054.PDS, moved to PDS/SLSST000
2023-04-02 21:15:39.753815 - Found SLSS1000.txt (text/plain) in CBT.V504.FILE054.PDS, moved to PDS/SLSS1000
2023-04-02 21:15:39.754757 - Found SLSS1001.txt (text/plain) in CBT.V504.FILE054.PDS, moved to PDS/SLSS1001
2023-04-02 21:15:39.755656 - Found SLSS2000.txt (text/plain) in CBT.V504.FILE054.PDS, moved to PDS/SLSS2000
2023-04-02 21:15:39.756543 - Found SLSS2001.txt (text/plain) in CBT.V504.FILE054.PDS, moved to PDS/SLSS2001
2023-04-02 21:15:39.757523 - Found TALLOC.txt (text/plain) in CBT.V504.FILE054.PDS, moved to PDS/TALLOC
2023-04-02 21:15:39.758407 - Found TMCDIS00.txt (text/plain) in CBT.V504.FILE054.PDS, moved to PDS/TMCDIS00
2023-04-02 21:15:39.759378 - Found TMCDIS01.txt (text/plain) in CBT.V504.FILE054.PDS, moved to PDS/TMCDIS01
2023-04-02 21:15:39.760323 - Found TMCTUT00.txt (text/plain) in CBT.V504.FILE054.PDS, moved to PDS/TMCTUT00
2023-04-02 21:15:39.761225 - Found TMCTUT01.txt (text/plain) in CBT.V504.FILE054.PDS, moved to PDS/TMCTUT01
2023-04-02 21:15:39.762128 - Found TMCTUT02.txt (text/plain) in CBT.V504.FILE054.PDS, moved to PDS/TMCTUT02
2023-04-02 21:15:39.763055 - Found TPLTCMP1.txt (text/plain) in CBT.V504.FILE054.PDS, moved to PDS/TPLTCMP1
2023-04-02 21:15:39.764029 - Found TPLTCMP2.txt (text/plain) in CBT.V504.FILE054.PDS, moved to PDS/TPLTCMP2
2023-04-02 21:15:39.764946 - Found TSYSLOG1.txt (text/plain) in CBT.V504.FILE054.PDS, moved to PDS/TSYSLOG1
2023-04-02 21:15:39.765823 - Found TSYSLOG2.txt (text/plain) in CBT.V504.FILE054.PDS, moved to PDS/TSYSLOG2
2023-04-02 21:15:39.766709 - Found USRADD1.txt (text/plain) in CBT.V504.FILE054.PDS, moved to PDS/USRADD1
2023-04-02 21:15:39.767650 - Found USRADD2A.txt (text/plain) in CBT.V504.FILE054.PDS, moved to PDS/USRADD2A
2023-04-02 21:15:39.768835 - Found USRADD2B.txt (text/plain) in CBT.V504.FILE054.PDS, moved to PDS/USRADD2B
2023-04-02 21:15:39.769728 - Found USRBROW1.txt (text/plain) in CBT.V504.FILE054.PDS, moved to PDS/USRBROW1
2023-04-02 21:15:39.770566 - Found USRBROW2.txt (text/plain) in CBT.V504.FILE054.PDS, moved to PDS/USRBROW2
2023-04-02 21:15:39.771691 - Found USRDEL.txt (text/plain) in CBT.V504.FILE054.PDS, moved to PDS/USRDEL
2023-04-02 21:15:39.772870 - Found USRINQ1.txt (text/plain) in CBT.V504.FILE054.PDS, moved to PDS/USRINQ1
2023-04-02 21:15:39.773950 - Found USRINQ2.txt (text/plain) in CBT.V504.FILE054.PDS, moved to PDS/USRINQ2
2023-04-02 21:15:39.775081 - Found USRINQ3.txt (text/plain) in CBT.V504.FILE054.PDS, moved to PDS/USRINQ3
2023-04-02 21:15:39.776196 - Found USRINQ4.txt (text/plain) in CBT.V504.FILE054.PDS, moved to PDS/USRINQ4
2023-04-02 21:15:39.777141 - Found USRNCCF.txt (text/plain) in CBT.V504.FILE054.PDS, moved to PDS/USRNCCF
2023-04-02 21:15:39.778064 - Found USRRACF1.txt (text/plain) in CBT.V504.FILE054.PDS, moved to PDS/USRRACF1
2023-04-02 21:15:39.778994 - Found USRRACF2.txt (text/plain) in CBT.V504.FILE054.PDS, moved to PDS/USRRACF2
2023-04-02 21:15:39.779887 - Found USRSELCT.txt (text/plain) in CBT.V504.FILE054.PDS, moved to PDS/USRSELCT
2023-04-02 21:15:39.780759 - Found USRTSO1.txt (text/plain) in CBT.V504.FILE054.PDS, moved to PDS/USRTSO1
2023-04-02 21:15:39.781691 - Found USRTSO2.txt (text/plain) in CBT.V504.FILE054.PDS, moved to PDS/USRTSO2
2023-04-02 21:15:39.782607 - Found USRTUT00.txt (text/plain) in CBT.V504.FILE054.PDS, moved to PDS/USRTUT00
2023-04-02 21:15:39.783814 - Found USRTUT01.txt (text/plain) in CBT.V504.FILE054.PDS, moved to PDS/USRTUT01
2023-04-02 21:15:39.784756 - Found USRTUT02.txt (text/plain) in CBT.V504.FILE054.PDS, moved to PDS/USRTUT02
2023-04-02 21:15:39.785683 - Found USRTUT03.txt (text/plain) in CBT.V504.FILE054.PDS, moved to PDS/USRTUT03
2023-04-02 21:15:39.786555 - Found USRTUT04.txt (text/plain) in CBT.V504.FILE054.PDS, moved to PDS/USRTUT04
2023-04-02 21:15:39.787421 - Found USRTUT05.txt (text/plain) in CBT.V504.FILE054.PDS, moved to PDS/USRTUT05
2023-04-02 21:15:39.788276 - Found USRTUT06.txt (text/plain) in CBT.V504.FILE054.PDS, moved to PDS/USRTUT06
2023-04-02 21:15:39.789139 - Found USRTUT07.txt (text/plain) in CBT.V504.FILE054.PDS, moved to PDS/USRTUT07
2023-04-02 21:15:39.790158 - Found USRTUT08.txt (text/plain) in CBT.V504.FILE054.PDS, moved to PDS/USRTUT08
2023-04-02 21:15:39.791313 - Found USRTUT09.txt (text/plain) in CBT.V504.FILE054.PDS, moved to PDS/USRTUT09
2023-04-02 21:15:39.792452 - Found USRTUT10.txt (text/plain) in CBT.V504.FILE054.PDS, moved to PDS/USRTUT10
2023-04-02 21:15:39.793508 - Found USRUPD1.txt (text/plain) in CBT.V504.FILE054.PDS, moved to PDS/USRUPD1
2023-04-02 21:15:39.794707 - Found USRUPD3A.txt (text/plain) in CBT.V504.FILE054.PDS, moved to PDS/USRUPD3A
2023-04-02 21:15:39.795805 - Found USRUPD3B.txt (text/plain) in CBT.V504.FILE054.PDS, moved to PDS/USRUPD3B
2023-04-02 21:15:39.796822 - Found XMITRCV.txt (text/plain) in CBT.V504.FILE054.PDS, moved to PDS/XMITRCV
2023-04-02 21:15:39.797844 - Found XMITRCV1.txt (text/plain) in CBT.V504.FILE054.PDS, moved to PDS/XMITRCV1
2023-04-02 21:15:39.799338 - Found XMITRCV3.txt (text/plain) in CBT.V504.FILE054.PDS, moved to PDS/XMITRCV3
